<?xml version="1.0" encoding="UTF-8"?>
<!-- Generated by org.testng.reporters.JUnitXMLReporter -->
<testsuite ignored="1" hostname="DESKTOP-0Q9HAE4" failures="0" tests="2" name="Test" time="7.573" errors="0" timestamp="2023-10-12T13:09:11 IST">
  <testcase classname="groupExecution.Grt" name="grt" time="4.125"/>
  <testcase classname="groupExecution.Tanishq" name="tanishq" time="3.405"/>
  <testcase classname="groupExecution.Malabar" name="malabar" time="0.0">
    <ignored/>
  </testcase> <!-- malabar -->
</testsuite> <!-- Test -->
