<?xml version="1.0" encoding="UTF-8"?>
<testng-results ignored="0" total="2" passed="2" failed="0" skipped="0">
  <reporter-output>
    <line>
      <![CDATA[Grt]]>
    </line>
    <line>
      <![CDATA[Tanishq ]]>
    </line>
  </reporter-output>
  <suite started-at="2023-10-12T13:09:04 IST" name="Suite" finished-at="2023-10-12T13:09:11 IST" duration-ms="7573">
    <groups>
      <group name="gold">
        <method signature="Grt.grt()[pri:0, instance:groupExecution.Grt@5c5eefef]" name="grt" class="groupExecution.Grt"/>
        <method signature="Tanishq.tanishq()[pri:0, instance:groupExecution.Tanishq@7e07db1f]" name="tanishq" class="groupExecution.Tanishq"/>
      </group> <!-- gold -->
    </groups>
    <test started-at="2023-10-12T13:09:04 IST" name="Test" finished-at="2023-10-12T13:09:11 IST" duration-ms="7573">
      <class name="groupExecution.Tanishq">
        <test-method signature="tanishq()[pri:0, instance:groupExecution.Tanishq@7e07db1f]" started-at="2023-10-12T13:09:08 IST" name="tanishq" finished-at="2023-10-12T13:09:11 IST" duration-ms="3405" status="PASS">
          <reporter-output>
            <line>
              <![CDATA[Tanishq ]]>
            </line>
          </reporter-output>
        </test-method> <!-- tanishq -->
      </class> <!-- groupExecution.Tanishq -->
      <class name="groupExecution.Grt">
        <test-method signature="grt()[pri:0, instance:groupExecution.Grt@5c5eefef]" started-at="2023-10-12T13:09:04 IST" name="grt" finished-at="2023-10-12T13:09:08 IST" duration-ms="4125" status="PASS">
          <reporter-output>
            <line>
              <![CDATA[Grt]]>
            </line>
          </reporter-output>
        </test-method> <!-- grt -->
      </class> <!-- groupExecution.Grt -->
    </test> <!-- Test -->
  </suite> <!-- Suite -->
</testng-results>
